<?xml version='1.0' encoding='UTF-8'?>
<testsuite hostname="LAPTOP-915CBV8A" name="hello.test.ParserSpec" tests="2" errors="0" failures="0" skipped="0" time="0.117" timestamp="2020-01-12T13:30:31">
                     <properties>
[...]
</properties>
                     <testcase classname="hello.test.ParserSpec" name="main should run" time="0.104">
                                                 
                                               </testcase><testcase classname="hello.test.ParserSpec" name="first test case for findFunctions should work correctly" time="0.013">
                                                 
                                               </testcase>
                     <system-out><![CDATA[]]></system-out>
                     <system-err><![CDATA[]]></system-err>
                   </testsuite>